[debug] [2025-11-25T19:24:44.512Z] ----------------------------------------------------------------------
[debug] [2025-11-25T19:24:44.515Z] Command:       C:\Program Files\nodejs\node.exe C:\Users\glimb\AppData\Roaming\npm\node_modules\firebase-tools\lib\bin\firebase.js serve
[debug] [2025-11-25T19:24:44.516Z] CLI Version:   14.12.1
[debug] [2025-11-25T19:24:44.517Z] Platform:      win32
[debug] [2025-11-25T19:24:44.517Z] Node Version:  v22.13.1
[debug] [2025-11-25T19:24:44.518Z] Time:          Tue Nov 25 2025 15:24:44 GMT-0400 (Bolivia Time)
[debug] [2025-11-25T19:24:44.518Z] ----------------------------------------------------------------------
[debug] 
[debug] [2025-11-25T19:24:44.921Z] > command requires scopes: ["email","openid","https://www.googleapis.com/auth/cloudplatformprojects.readonly","https://www.googleapis.com/auth/firebase","https://www.googleapis.com/auth/cloud-platform"]
[debug] [2025-11-25T19:24:44.922Z] > authorizing via signed-in user (jahaziel@glimbaro.com)
[debug] [2025-11-25T19:24:44.922Z] [iam] checking project r-system-33a06 for permissions ["firebase.projects.get"]
[debug] [2025-11-25T19:24:44.924Z] Checked if tokens are valid: true, expires at: 1764102272819
[debug] [2025-11-25T19:24:44.924Z] Checked if tokens are valid: true, expires at: 1764102272819
[debug] [2025-11-25T19:24:44.926Z] >>> [apiv2][query] POST https://cloudresourcemanager.googleapis.com/v1/projects/r-system-33a06:testIamPermissions [none]
[debug] [2025-11-25T19:24:44.926Z] >>> [apiv2][(partial)header] POST https://cloudresourcemanager.googleapis.com/v1/projects/r-system-33a06:testIamPermissions x-goog-quota-user=projects/r-system-33a06
[debug] [2025-11-25T19:24:44.926Z] >>> [apiv2][body] POST https://cloudresourcemanager.googleapis.com/v1/projects/r-system-33a06:testIamPermissions {"permissions":["firebase.projects.get"]}
[debug] [2025-11-25T19:24:45.228Z] <<< [apiv2][status] POST https://cloudresourcemanager.googleapis.com/v1/projects/r-system-33a06:testIamPermissions 200
[debug] [2025-11-25T19:24:45.229Z] <<< [apiv2][body] POST https://cloudresourcemanager.googleapis.com/v1/projects/r-system-33a06:testIamPermissions {"permissions":["firebase.projects.get"]}
[debug] [2025-11-25T19:24:45.230Z] Checked if tokens are valid: true, expires at: 1764102272819
[debug] [2025-11-25T19:24:45.230Z] Checked if tokens are valid: true, expires at: 1764102272819
[debug] [2025-11-25T19:24:45.230Z] >>> [apiv2][query] GET https://cloudresourcemanager.googleapis.com/v1/projects/r-system-33a06 [none]
[debug] [2025-11-25T19:24:45.358Z] <<< [apiv2][status] GET https://cloudresourcemanager.googleapis.com/v1/projects/r-system-33a06 200
[debug] [2025-11-25T19:24:45.358Z] <<< [apiv2][body] GET https://cloudresourcemanager.googleapis.com/v1/projects/r-system-33a06 {"projectNumber":"317536373984","projectId":"r-system-33a06","lifecycleState":"ACTIVE","name":"R-SYstem","labels":{"firebase":"enabled","firebase-core":"disabled"},"createTime":"2025-07-14T19:43:56.542488Z","parent":{"type":"organization","id":"1033895556439"}}
[info] 
[info] === Serving from 'C:\Users\glimb\Music\res'...
[info] 
[debug] [2025-11-25T19:24:45.363Z] Checked if tokens are valid: true, expires at: 1764102272819
[debug] [2025-11-25T19:24:45.363Z] Checked if tokens are valid: true, expires at: 1764102272819
[debug] [2025-11-25T19:24:45.363Z] >>> [apiv2][query] GET https://firebasehosting.googleapis.com/v1beta1/projects/r-system-33a06/sites 
[debug] [2025-11-25T19:24:45.842Z] <<< [apiv2][status] GET https://firebasehosting.googleapis.com/v1beta1/projects/r-system-33a06/sites 200
[debug] [2025-11-25T19:24:45.842Z] <<< [apiv2][body] GET https://firebasehosting.googleapis.com/v1beta1/projects/r-system-33a06/sites {"sites":[{"name":"projects/r-system-33a06/sites/r-system-33a06","defaultUrl":"https://r-system-33a06.web.app","type":"DEFAULT_SITE"}]}
[debug] [2025-11-25T19:24:45.843Z] Checked if tokens are valid: true, expires at: 1764102272819
[debug] [2025-11-25T19:24:45.843Z] Checked if tokens are valid: true, expires at: 1764102272819
[debug] [2025-11-25T19:24:45.843Z] >>> [apiv2][query] GET https://firebase.googleapis.com/v1beta1/projects/r-system-33a06/webApps/-/config [none]
[debug] [2025-11-25T19:24:46.264Z] <<< [apiv2][status] GET https://firebase.googleapis.com/v1beta1/projects/r-system-33a06/webApps/-/config 200
[debug] [2025-11-25T19:24:46.264Z] <<< [apiv2][body] GET https://firebase.googleapis.com/v1beta1/projects/r-system-33a06/webApps/-/config {"projectId":"r-system-33a06","appId":"1:317536373984:web:01c4aa68bf0da885e45485","storageBucket":"r-system-33a06.firebasestorage.app","apiKey":"AIzaSyCFc_jLIEOQ9iwFeDnjQJTjHYSNQVKwfWo","authDomain":"r-system-33a06.firebaseapp.com","messagingSenderId":"317536373984","projectNumber":"317536373984","version":"2"}
[debug] [2025-11-25T19:24:46.272Z] Checked if tokens are valid: true, expires at: 1764102272819
[debug] [2025-11-25T19:24:46.272Z] Checked if tokens are valid: true, expires at: 1764102272819
[debug] [2025-11-25T19:24:46.273Z] >>> [apiv2][query] GET https://firebase.googleapis.com/v1beta1/projects/r-system-33a06 [none]
[debug] [2025-11-25T19:24:46.456Z] <<< [apiv2][status] GET https://firebase.googleapis.com/v1beta1/projects/r-system-33a06 200
[debug] [2025-11-25T19:24:46.456Z] <<< [apiv2][body] GET https://firebase.googleapis.com/v1beta1/projects/r-system-33a06 {"projectId":"r-system-33a06","projectNumber":"317536373984","displayName":"R-SYstem","name":"projects/r-system-33a06","resources":{"hostingSite":"r-system-33a06"},"state":"ACTIVE","etag":"1_97c895f4-3a7a-4e05-805c-d02dd021f4bd"}
[debug] [2025-11-25T19:24:46.458Z] Specified "public" directory "public" does not exist; Deploy to Hosting site "r-system-33a06" may fail or be empty.
[info] i  hosting[r-system-33a06]: Serving hosting files from: public {"metadata":{"emulator":{"name":"hosting"},"message":"Serving hosting files from: \u001b[1mpublic\u001b[22m"}}
[info] +  hosting[r-system-33a06]: Local server: http://localhost:5000 {"metadata":{"emulator":{"name":"hosting"},"message":"Local server: \u001b[4m\u001b[1mhttp://localhost:5000\u001b[22m\u001b[24m"}}
[info] i  hosting: ::1 - - [25/Nov/2025:19:25:28 +0000] "GET / HTTP/1.1" 404 139 "-" "Mozilla/5.0 (Windows NT 10.0; Win64; x64) AppleWebKit/537.36 (KHTML, like Gecko) Chrome/142.0.0.0 Safari/537.36" {"metadata":{"emulator":{"name":"hosting"},"message":"::1 - - [25/Nov/2025:19:25:28 +0000] \"GET / HTTP/1.1\" 404 139 \"-\" \"Mozilla/5.0 (Windows NT 10.0; Win64; x64) AppleWebKit/537.36 (KHTML, like Gecko) Chrome/142.0.0.0 Safari/537.36\""}}
[info] i  hosting: ::1 - - [25/Nov/2025:19:25:47 +0000] "GET / HTTP/1.1" 404 139 "-" "Mozilla/5.0 (Windows NT 10.0; Win64; x64) AppleWebKit/537.36 (KHTML, like Gecko) Chrome/142.0.0.0 Safari/537.36" {"metadata":{"emulator":{"name":"hosting"},"message":"::1 - - [25/Nov/2025:19:25:47 +0000] \"GET / HTTP/1.1\" 404 139 \"-\" \"Mozilla/5.0 (Windows NT 10.0; Win64; x64) AppleWebKit/537.36 (KHTML, like Gecko) Chrome/142.0.0.0 Safari/537.36\""}}
